event: log
data: {"ts": "2025-08-26T07:37:50.014251+00:00", "level": "INFO", "logger": "app.main", "message": "2025-08-26 17:37:50,014 INFO:app.main: starting server using DATABASE_URL=sqlite+aiosqlite:///./test.db"}

event: log
data: {"ts": "2025-08-26T07:37:50.014335+00:00", "level": "INFO", "logger": "app.main", "message": "2025-08-26 17:37:50,014 INFO:app.main: seeded DateDataParser initialized for languages=[\"en\"]"}

event: log
data: {"ts": "2025-08-26T07:37:52.730885+00:00", "level": "INFO", "logger": "app.main", "message": "2025-08-26 17:37:52,730 INFO:app.main: calendar_occurrences called owner_id=1 start=2030-11-01T00:00:00+00:00 end=2030-11-30T23:59:59+00:00 expand=True"}

event: log
data: {"ts": "2025-08-26T07:37:52.771869+00:00", "level": "INFO", "logger": "app.main", "message": "2025-08-26 17:37:52,771 INFO:app.main: calendar_occurrences computed 1 occurrences before user filters (truncated=False)"}

event: log
data: {"ts": "2025-08-26T07:37:52.775245+00:00", "level": "INFO", "logger": "app.main", "message": "2025-08-26 17:37:52,775 INFO:app.main: calendar_occurrences returning 1 occurrences after filters (ignored=0, completed=0)"}

event: log
data: {"ts": "2025-08-26T07:37:52.785235+00:00", "level": "INFO", "logger": "app.main", "message": "2025-08-26 17:37:52,785 INFO:app.main: timing GET /html_no_js/calendar year=2030&month=11 58.6ms"}

event: log
data: {"ts": "2025-08-26T07:37:52.802628+00:00", "level": "INFO", "logger": "app.main", "message": "2025-08-26 17:37:52,802 INFO:app.main: calendar_occurrences called owner_id=1 start=2030-11-01T00:00:00+00:00 end=2030-11-30T23:59:59+00:00 expand=True"}

event: log
data: {"ts": "2025-08-26T07:37:52.814034+00:00", "level": "INFO", "logger": "app.main", "message": "2025-08-26 17:37:52,813 INFO:app.main: calendar_occurrences computed 1 occurrences before user filters (truncated=False)"}

event: log
data: {"ts": "2025-08-26T07:37:52.815725+00:00", "level": "INFO", "logger": "app.main", "message": "2025-08-26 17:37:52,815 INFO:app.main: calendar_occurrences returning 1 occurrences after filters (ignored=0, completed=0)"}

event: log
data: {"ts": "2025-08-26T07:37:52.816030+00:00", "level": "INFO", "logger": "app.main", "message": "2025-08-26 17:37:52,815 INFO:app.main: timing GET /calendar/occurrences start=2030-11-01T00%3A00%3A00.000Z&end=2030-11-30T23%3A59%3A59.000Z 18.2ms"}

event: log
data: {"ts": "2025-08-26T07:37:52.819506+00:00", "level": "ERROR", "logger": "sqlalchemy.pool.impl.NullPool", "message": "2025-08-26 17:37:52,819 ERROR:sqlalchemy.pool.impl.NullPool: The garbage collector is trying to clean up non-checked-in connection <AdaptedConnection <Connection(Thread-9, started daemon 139803190355648)>>, which will be dropped, as it cannot be safely terminated.  Please ensure that SQLAlchemy pooled connections are returned to the pool explicitly, either by calling ``close()`` or by using appropriate context managers to manage their lifecycle."}

event: log
data: {"ts": "2025-08-26T07:37:52.821957+00:00", "level": "INFO", "logger": "app.main", "message": "2025-08-26 17:37:52,821 INFO:app.main: calendar_occurrences called owner_id=1 start=2030-11-01T00:00:00+00:00 end=2030-11-30T23:59:59+00:00 expand=True"}

event: log
data: {"ts": "2025-08-26T07:37:52.831294+00:00", "level": "INFO", "logger": "app.main", "message": "2025-08-26 17:37:52,831 INFO:app.main: calendar_occurrences computed 1 occurrences before user filters (truncated=False)"}

event: log
data: {"ts": "2025-08-26T07:37:52.832771+00:00", "level": "INFO", "logger": "app.main", "message": "2025-08-26 17:37:52,832 INFO:app.main: calendar_occurrences returning 1 occurrences after filters (ignored=0, completed=0)"}

event: log
data: {"ts": "2025-08-26T07:37:52.833023+00:00", "level": "INFO", "logger": "app.main", "message": "2025-08-26 17:37:52,832 INFO:app.main: timing GET /calendar/occurrences start=2030-11-01T00%3A00%3A00.000Z&end=2030-11-30T23%3A59%3A59.000Z 14.6ms"}

